<?xml version="1.0" encoding="UTF-8"?>
<!-- Generated by org.testng.reporters.JUnitReportReporter -->
<testsuite hostname="LAPTOP-T25EG9UR" failures="0" tests="1" name="TestLayer.CreateNewAccountPageTest" time="1.527" errors="0" timestamp="2024-01-02T15:57:08 IST" skipped="0">
  <testcase classname="TestLayer.CreateNewAccountPageTest" name="validatecreateNewUser" time="1.527"/>
  <system-out/>
</testsuite> <!-- TestLayer.CreateNewAccountPageTest -->
